2023-10-29T21:56:14.093+01:00 r= ip=  INFO 9432 --- [main] .a.i.SeprIndividualAssignmentApplication : Starting SeprIndividualAssignmentApplication using Java 17.0.2 with PID 9432 (/Users/lucawiesner/Desktop/Uni/WS2023/SEPM/Einzelbeispiel/template-java/Wendys-Tournament-Management/backend/target/classes started by lucawiesner in /Users/lucawiesner/Desktop/Uni/WS2023/SEPM/Einzelbeispiel/template-java/Wendys-Tournament-Management/backend)
2023-10-29T21:56:14.097+01:00 r= ip=  INFO 9432 --- [main] .a.i.SeprIndividualAssignmentApplication : No active profile set, falling back to 1 default profile: "default"
2023-10-29T21:56:14.569+01:00 r= ip=  INFO 9432 --- [main] o.s.b.w.embedded.tomcat.TomcatWebServer  : Tomcat initialized with port(s): 8080 (http)
2023-10-29T21:56:14.574+01:00 r= ip=  INFO 9432 --- [main] o.apache.catalina.core.StandardService   : Starting service [Tomcat]
2023-10-29T21:56:14.574+01:00 r= ip=  INFO 9432 --- [main] o.apache.catalina.core.StandardEngine    : Starting Servlet engine: [Apache Tomcat/10.1.13]
2023-10-29T21:56:14.618+01:00 r= ip=  INFO 9432 --- [main] o.a.c.c.C.[Tomcat].[localhost].[/]       : Initializing Spring embedded WebApplicationContext
2023-10-29T21:56:14.618+01:00 r= ip=  INFO 9432 --- [main] w.s.c.ServletWebServerApplicationContext : Root WebApplicationContext: initialization completed in 501 ms
2023-10-29T21:56:14.633+01:00 r= ip=  INFO 9432 --- [main] com.zaxxer.hikari.HikariDataSource       : HikariPool-1 - Starting...
2023-10-29T21:56:14.822+01:00 r= ip=  INFO 9432 --- [main] com.zaxxer.hikari.pool.HikariPool        : HikariPool-1 - Added connection conn1: url=jdbc:h2:./wendydb user=SA
2023-10-29T21:56:14.823+01:00 r= ip=  INFO 9432 --- [main] com.zaxxer.hikari.HikariDataSource       : HikariPool-1 - Start completed.
2023-10-29T21:56:14.828+01:00 r= ip=  INFO 9432 --- [main] o.s.b.a.h2.H2ConsoleAutoConfiguration    : H2 console available at '/h2-console'. Database available at 'jdbc:h2:./wendydb'
2023-10-29T21:56:15.056+01:00 r= ip=  INFO 9432 --- [main] o.s.b.w.embedded.tomcat.TomcatWebServer  : Tomcat started on port(s): 8080 (http) with context path ''
2023-10-29T21:56:15.060+01:00 r= ip=  INFO 9432 --- [main] .a.i.SeprIndividualAssignmentApplication : Started SeprIndividualAssignmentApplication in 1.163 seconds (process running for 1.616)
2023-10-29T21:56:28.299+01:00 r= ip=  INFO 9432 --- [http-nio-8080-exec-1] o.a.c.c.C.[Tomcat].[localhost].[/]       : Initializing Spring DispatcherServlet 'dispatcherServlet'
2023-10-29T21:56:28.299+01:00 r= ip=  INFO 9432 --- [http-nio-8080-exec-1] o.s.web.servlet.DispatcherServlet        : Initializing Servlet 'dispatcherServlet'
2023-10-29T21:56:28.300+01:00 r= ip=  INFO 9432 --- [http-nio-8080-exec-1] o.s.web.servlet.DispatcherServlet        : Completed initialization in 1 ms
2023-10-29T21:56:28.303+01:00 r=90858b32bb51 ip=0:0:0:0:0:0:0:1  INFO 9432 --- [http-nio-8080-exec-1] a.a.t.s.a.individual.config.LogFilter    : >>> GET /horses UA=Mozilla/5.0 (Macintosh; Intel Mac OS X 10_15_7) AppleWebKit/537.36 (KHTML, like Gecko) Chrome/118.0.0.0 Safari/537.36
2023-10-29T21:56:28.329+01:00 r=90858b32bb51 ip=0:0:0:0:0:0:0:1  INFO 9432 --- [http-nio-8080-exec-1] a.a.t.s.a.individual.rest.HorseEndpoint  : GET /horses
2023-10-29T21:56:28.385+01:00 r=90858b32bb51 ip=0:0:0:0:0:0:0:1  INFO 9432 --- [http-nio-8080-exec-1] a.a.t.s.a.individual.config.LogFilter    : <<< GET /horses status=200 time=81ms
2023-10-29T21:56:28.567+01:00 r=b9c98c30f2ba ip=0:0:0:0:0:0:0:1  INFO 9432 --- [http-nio-8080-exec-2] a.a.t.s.a.individual.config.LogFilter    : >>> GET /horses UA=Mozilla/5.0 (Macintosh; Intel Mac OS X 10_15_7) AppleWebKit/537.36 (KHTML, like Gecko) Chrome/118.0.0.0 Safari/537.36
2023-10-29T21:56:28.568+01:00 r=b9c98c30f2ba ip=0:0:0:0:0:0:0:1  INFO 9432 --- [http-nio-8080-exec-2] a.a.t.s.a.individual.rest.HorseEndpoint  : GET /horses
2023-10-29T21:56:28.570+01:00 r=b9c98c30f2ba ip=0:0:0:0:0:0:0:1  INFO 9432 --- [http-nio-8080-exec-2] a.a.t.s.a.individual.config.LogFilter    : <<< GET /horses status=200 time=3ms
2023-10-29T21:56:30.473+01:00 r=207f4ca9a8f2 ip=0:0:0:0:0:0:0:1  INFO 9432 --- [http-nio-8080-exec-3] a.a.t.s.a.individual.config.LogFilter    : >>> GET /tournaments UA=Mozilla/5.0 (Macintosh; Intel Mac OS X 10_15_7) AppleWebKit/537.36 (KHTML, like Gecko) Chrome/118.0.0.0 Safari/537.36
2023-10-29T21:56:30.474+01:00 r=207f4ca9a8f2 ip=0:0:0:0:0:0:0:1  INFO 9432 --- [http-nio-8080-exec-3] a.a.t.s.a.i.rest.TournamentEndpoint      : GET /tournaments
2023-10-29T21:56:30.475+01:00 r=207f4ca9a8f2 ip=0:0:0:0:0:0:0:1  INFO 9432 --- [http-nio-8080-exec-3] a.a.t.s.a.i.p.impl.TournamentJdbcDao     : params is BeanPropertySqlParameterSource {class=class at.ac.tuwien.sepr.assignment.individual.dto.TournamentSearchDto, name=null (type:VARCHAR), endDate=null (type:DATE), startDate=null (type:DATE)}
2023-10-29T21:56:30.480+01:00 r=207f4ca9a8f2 ip=0:0:0:0:0:0:0:1  INFO 9432 --- [http-nio-8080-exec-3] a.a.t.s.a.individual.config.LogFilter    : <<< GET /tournaments status=200 time=6ms
2023-10-29T22:01:35.184+01:00 r= ip=  INFO 9432 --- [SpringApplicationShutdownHook] com.zaxxer.hikari.HikariDataSource       : HikariPool-1 - Shutdown initiated...
2023-10-29T22:01:35.193+01:00 r= ip=  INFO 9432 --- [SpringApplicationShutdownHook] com.zaxxer.hikari.HikariDataSource       : HikariPool-1 - Shutdown completed.
